<?xml version="1.0" encoding="UTF-8"?>
<testng-results skipped="0" failed="0" ignored="0" total="1" passed="1">
  <reporter-output>
  </reporter-output>
  <suite name="Default suite" duration-ms="10867" started-at="2022-11-15T04:06:40Z" finished-at="2022-11-15T04:06:51Z">
    <groups>
    </groups>
    <test name="Default test" duration-ms="10867" started-at="2022-11-15T04:06:40Z" finished-at="2022-11-15T04:06:51Z">
      <class name="com.data.test.DemoRegisterForm">
        <test-method status="PASS" signature="createReport()[pri:0, instance:com.data.test.DemoRegisterForm@3cb1ffe6]" name="createReport" is-config="true" duration-ms="201" started-at="2022-11-15T04:06:40Z" finished-at="2022-11-15T04:06:40Z">
          <reporter-output>
          </reporter-output>
        </test-method> <!-- createReport -->
        <test-method status="PASS" signature="launchurl()[pri:0, instance:com.data.test.DemoRegisterForm@3cb1ffe6]" name="launchurl" is-config="true" duration-ms="7230" started-at="2022-11-15T04:06:40Z" finished-at="2022-11-15T04:06:47Z">
          <reporter-output>
          </reporter-output>
        </test-method> <!-- launchurl -->
        <test-method status="PASS" signature="register()[pri:0, instance:com.data.test.DemoRegisterForm@3cb1ffe6]" name="register" duration-ms="2439" started-at="2022-11-15T04:06:47Z" finished-at="2022-11-15T04:06:50Z">
          <reporter-output>
          </reporter-output>
        </test-method> <!-- register -->
        <test-method status="PASS" signature="endreport()[pri:0, instance:com.data.test.DemoRegisterForm@3cb1ffe6]" name="endreport" is-config="true" duration-ms="961" started-at="2022-11-15T04:06:50Z" finished-at="2022-11-15T04:06:51Z">
          <reporter-output>
          </reporter-output>
        </test-method> <!-- endreport -->
      </class> <!-- com.data.test.DemoRegisterForm -->
    </test> <!-- Default test -->
  </suite> <!-- Default suite -->
</testng-results>
